// 重构日志: d8e5b97d
// 重构日志: f4612a12
// 重构日志: edf26ac8
// 同步 ID: db14dc70 @ Thu Jun  4 12:36:08 UTC 2026
// 同步 ID: 8e5c3e88 @ Fri Jun  5 04:58:54 UTC 2026
// 同步 ID: d4c936e6 @ Fri Jun  5 16:57:42 UTC 2026
// 重构日志: 835aa6b4
// 同步 ID: ff589188 @ Sun Jun  7 06:12:45 UTC 2026
// 重构日志: 9f77be89
// 同步 ID: 24925f48 @ Sun Jun  7 22:55:35 UTC 2026
// 重构日志: b29c4c63
// 重构日志: 3c856b96
// 重构日志: 9b5fa70d
// 重构日志: 715d695d
// 同步 ID: c5438b26 @ Thu Jun 11 16:23:24 UTC 2026
// 同步 ID: 7fb2cbc9 @ Fri Jun 12 12:31:34 UTC 2026
// 重构日志: 8b21520e
// 重构日志: 0c35561f
// 重构日志: f0ed0d35
// 重构日志: 3791d1f8
// 重构日志: f26605ce
// 同步 ID: dcd71d59 @ Mon Jun 15 07:52:41 UTC 2026
// 重构日志: ecb57f62
// 重构日志: e0d91c01
// 同步 ID: 41570dfd @ Sun Jun 21 10:53:47 UTC 2026
// 同步 ID: 4d1c64a8 @ Sun Jun 21 16:09:55 UTC 2026
// 重构日志: 257c007e
// 同步 ID: ac1ddc8c @ Tue Jun 23 16:13:44 UTC 2026
// 重构日志: b13e194e
// 同步 ID: 072aee79 @ Thu Jun 25 17:57:40 UTC 2026
// 重构日志: 202564c5
// 重构日志: 222335f2
